<?xml version="1.0" encoding="UTF-8"?>
<testsuite name="runners.DemoQARunner" tests="0" skipped="0" failures="0" errors="0" timestamp="1970-01-01T00:00:00" hostname="QV-4278" time="0.0">
  <properties/>
  <system-out><![CDATA[
1 Scenarios (?[32m1 passed?[0m)
3 Steps (?[32m3 passed?[0m)
0m23,412s


]]></system-out>
  <system-err><![CDATA[[Test worker] INFO io.cucumber.core.plugin.SerenityReporter - Running feature from file:///C:/Users/USUARIO/Documents/Ejercicios/demoQA-automation/src/test/resources/features/elements.feature
[Test worker] WARN io.cucumber.core.plugin.SerenityReporter - Feature from file:///C:/Users/USUARIO/Documents/Ejercicios/demoQA-automation/src/test/resources/features/elements.feature is not under the 'features' directory. Requirements report will not be correctly generated!
[Test worker] INFO  - ?[96m

-------------------------------------------------------------------------------------
     _______. _______ .______       _______ .__   __.  __  .___________.____    ____ 
    /       ||   ____||   _  \     |   ____||  \ |  | |  | |           |\   \  /   / 
   |   (----`|  |__   |  |_)  |    |  |__   |   \|  | |  | `---|  |----` \   \/   /  
    \   \    |   __|  |      /     |   __|  |  . `  | |  |     |  |       \_    _/   
.----)   |   |  |____ |  |\  \----.|  |____ |  |\   | |  |     |  |         |  |     
|_______/    |_______|| _| `._____||_______||__| \__| |__|     |__|         |__|    
                                                                                     
 News and tutorials at http://www.serenity-bdd.info                                  
 Documentation at https://wakaleo.gitbooks.io/the-serenity-book/content/             
 Join the Serenity Community on Gitter: https://gitter.im/serenity-bdd/serenity-core 
 Serenity BDD Support and Training at http://serenity-bdd.info/#/trainingandsupport  
-------------------------------------------------------------------------------------
?[0m
[Test worker] INFO  - Test Suite Started: elements automation test demoQA
[Test worker] INFO io.cucumber.core.plugin.SerenityReporter - Running feature from file:///C:/Users/USUARIO/Documents/Ejercicios/demoQA-automation/src/test/resources/features/forms.feature
[Test worker] WARN io.cucumber.core.plugin.SerenityReporter - Feature from file:///C:/Users/USUARIO/Documents/Ejercicios/demoQA-automation/src/test/resources/features/forms.feature is not under the 'features' directory. Requirements report will not be correctly generated!
[Test worker] INFO  - Test Suite Started: forms automation test demoQA
[pool-1-thread-1] INFO net.thucydides.core.reports.ReportService - net.thucydides.core.reports.json.JSONTestOutcomeReporter@724e13a8: Generating report for test outcome: forms automation test demoQA:Scenario: Practice Form
[pool-2-thread-1] INFO net.thucydides.core.reports.ReportService - net.thucydides.core.reports.html.HtmlAcceptanceTestReporter@1d045e3e: Generating report for test outcome: forms automation test demoQA:Scenario: Practice Form
[pool-2-thread-1] INFO serenity.reporting - 
--------------------------------------
| TEST NAME:   ?[1mScenario: Practice Form?[0m
| RESULT:      ?[92mPassing?[0m
| REQUIREMENT: forms automation test demoQA
| REPORT:      ?[96mfile:///C:/Users/USUARIO/Documents/Ejercicios/demoQA-automation/target/site/serenity/30a224c052217bdc250c3e72acccbe6db757e8efeb093b9f957b3c9ceec3bad2.html?[0m
--------------------------------------
]]></system-err>
</testsuite>
