<?xml version="1.0" encoding="UTF-8"?>
<testsuite name="runners.DemoQARunner" tests="0" skipped="0" failures="0" errors="0" timestamp="1970-01-01T00:00:00" hostname="QV-4278" time="0.0">
  <properties/>
  <system-out><![CDATA[
1 Scenarios (?[32m1 passed?[0m)
3 Steps (?[32m3 passed?[0m)
0m14,591s


]]></system-out>
  <system-err><![CDATA[[Test worker] INFO io.cucumber.core.plugin.SerenityReporter - Running feature from file:///C:/Users/USUARIO/Documents/Ejercicios/demoQA-automation/src/test/resources/features/elementTextBox.feature
[Test worker] WARN io.cucumber.core.plugin.SerenityReporter - Feature from file:///C:/Users/USUARIO/Documents/Ejercicios/demoQA-automation/src/test/resources/features/elementTextBox.feature is not under the 'features' directory. Requirements report will not be correctly generated!
[Test worker] INFO  - ?[96m

-------------------------------------------------------------------------------------
     _______. _______ .______       _______ .__   __.  __  .___________.____    ____ 
    /       ||   ____||   _  \     |   ____||  \ |  | |  | |           |\   \  /   / 
   |   (----`|  |__   |  |_)  |    |  |__   |   \|  | |  | `---|  |----` \   \/   /  
    \   \    |   __|  |      /     |   __|  |  . `  | |  |     |  |       \_    _/   
.----)   |   |  |____ |  |\  \----.|  |____ |  |\   | |  |     |  |         |  |     
|_______/    |_______|| _| `._____||_______||__| \__| |__|     |__|         |__|    
                                                                                     
 News and tutorials at http://www.serenity-bdd.info                                  
 Documentation at https://wakaleo.gitbooks.io/the-serenity-book/content/             
 Join the Serenity Community on Gitter: https://gitter.im/serenity-bdd/serenity-core 
 Serenity BDD Support and Training at http://serenity-bdd.info/#/trainingandsupport  
-------------------------------------------------------------------------------------
?[0m
[Test worker] INFO  - Test Suite Started: automation test demoQA
[pool-1-thread-1] INFO net.thucydides.core.reports.ReportService - net.thucydides.core.reports.json.JSONTestOutcomeReporter@5a6bf383: Generating report for test outcome: automation test demoQA:Scenario: element textbox automation
[pool-2-thread-1] INFO net.thucydides.core.reports.ReportService - net.thucydides.core.reports.html.HtmlAcceptanceTestReporter@65e5f11d: Generating report for test outcome: automation test demoQA:Scenario: element textbox automation
[pool-2-thread-1] INFO serenity.reporting - 
---------------------------------------------------
| TEST NAME:   ?[1mScenario: element textbox automation?[0m
| RESULT:      ?[92mPassing?[0m
| REQUIREMENT: automation test demoQA
| REPORT:      ?[96mfile:///C:/Users/USUARIO/Documents/Ejercicios/demoQA-automation/target/site/serenity/7a4f67f2cf4ec51d499e13b7a813d986b0e1e084377b62031a2d60bfb0c4925c.html?[0m
---------------------------------------------------
]]></system-err>
</testsuite>
